<?xml version="1.0" encoding="UTF-8"?>
<!-- Generated by org.testng.reporters.JUnitXMLReporter -->
<testsuite hostname="994560APD11QA12" ignored="0" name="Default test" tests="3" failures="0" timestamp="01 Nov 2018 02:01:40 GMT" time="30.249" errors="0">
  <testcase name="LoginIntoPrimero" time="10.475" classname="com.primero.qa.testcases.CreateCaseTest"/>
  <testcase name="CreateNewCaseForm" time="2.445" classname="com.primero.qa.testcases.CreateCaseTest"/>
  <testcase name="FeedDatatoNewCaseForm" time="12.096" classname="com.primero.qa.testcases.CreateCaseTest"/>
</testsuite> <!-- Default test -->
