<?xml version="1.0" encoding="UTF-8"?>
<!-- Generated by org.testng.reporters.JUnitXMLReporter -->
<testsuite hostname="994560APD11QA12" ignored="0" name="Create New Child Case" tests="5" failures="1" timestamp="30 Nov 2018 20:15:32 GMT" time="59.639" errors="0">
  <testcase name="FeedDatatoNewCaseForm" time="21.141" classname="com.primero.qa.testcases.CreateCaseTest"/>
  <testcase name="FeedDatatoNewCaseForm" time="20.803" classname="com.primero.qa.testcases.CreateCaseTest"/>
  <testcase name="AccessHome" time="0.002" classname="com.primero.qa.testcases.EditCPCaseTest"/>
  <testcase name="LoginIntoPrimero" time="0.005" classname="com.primero.qa.testcases.EditCPCaseTest">
    <failure type="java.lang.AssertionError" message="expected [Login] but found [strtitle]">
      <![CDATA[java.lang.AssertionError: expected [Login] but found [strtitle]
	at com.primero.qa.testcases.EditCPCaseTest.LoginIntoPrimero(EditCPCaseTest.java:35)
... Removed 31 stack frames]]>
    </failure>
  </testcase> <!-- LoginIntoPrimero -->
  <testcase name="clickCase" time="0.001" classname="com.primero.qa.testcases.EditCPCaseTest"/>
</testsuite> <!-- Create New Child Case -->
